<?xml version="1.0" encoding="UTF-8"?>
<!-- Generated by org.testng.reporters.JUnitXMLReporter -->
<testsuite hostname="DESKTOP-UMV3VIQ" ignored="0" name="Default test" tests="33" failures="0" timestamp="2019-10-27T20:43:18 GMT" time="154.95" errors="0">
  <testcase name="FirstPage_VerifyTitle" time="0.02" classname="Registration.RegistrationFirstPage"/>
  <testcase name="verifyMobileNumber_AlreadyUsed" time="1.223" classname="Registration.RegistrationFirstPage"/>
  <testcase name="verifyMobileNumber_InValidNumber" time="1.143" classname="Registration.RegistrationFirstPage"/>
  <testcase name="verifyMobileNumber_ValidNumber" time="1.171" classname="Registration.RegistrationFirstPage"/>
  <testcase name="verifyEmail_InValid" time="1.179" classname="Registration.RegistrationFirstPage"/>
  <testcase name="verifyEmail_Valid" time="1.246" classname="Registration.RegistrationFirstPage"/>
  <testcase name="verifypasswordInValid" time="4.171" classname="Registration.RegistrationFirstPage"/>
  <testcase name="verifypasswordValid" time="2.154" classname="Registration.RegistrationFirstPage"/>
  <testcase name="TermsandCondition" time="81.078" classname="Registration.RegistrationFirstPage"/>
  <testcase name="clicknextButton" time="3.758" classname="Registration.RegistrationFirstPage"/>
  <testcase name="clickfinishButton" time="1.973" classname="Registration.RegistrationFirstPage"/>
  <testcase name="clickupdatenameBtn" time="1.796" classname="Registration.RegistrationFirstPage"/>
  <testcase name="ContactPage_SelectTitle" time="2.11" classname="Registration.RegistrationFirstPage"/>
  <testcase name="ContactPage_EnterFirstName" time="1.095" classname="Registration.RegistrationFirstPage"/>
  <testcase name="contactPage_EnterLastName" time="1.087" classname="Registration.RegistrationFirstPage"/>
  <testcase name="contactPage_confirmMail" time="1.133" classname="Registration.RegistrationFirstPage"/>
  <testcase name="contactPagc_Savebutton" time="3.58" classname="Registration.RegistrationFirstPage"/>
  <testcase name="contactPage_UpdateYourPaymentlink" time="1.993" classname="Registration.RegistrationFirstPage"/>
  <testcase name="PaymentPage_clickNewaddcard" time="1.12" classname="Registration.RegistrationFirstPage"/>
  <testcase name="PaymentPage_EntercardDetails" time="1.134" classname="Registration.RegistrationFirstPage"/>
  <testcase name="PaymentPage_EnterstartDate" time="1.071" classname="Registration.RegistrationFirstPage"/>
  <testcase name="PaymentPage_EnterExpireDate" time="1.075" classname="Registration.RegistrationFirstPage"/>
  <testcase name="PaymentPage_clickAddCard" time="1.072" classname="Registration.RegistrationFirstPage"/>
  <testcase name="PaymentPage_MyAccount" time="3.324" classname="Registration.RegistrationFirstPage"/>
  <testcase name="FirstPage_updateVechical" time="1.756" classname="Registration.RegistrationFirstPage"/>
  <testcase name="VehiclePage_addVechical" time="1.81" classname="Registration.RegistrationFirstPage"/>
  <testcase name="VehiclePage_enterNumberPlate" time="1.101" classname="Registration.RegistrationFirstPage"/>
  <testcase name="VehiclePage_selectcolor" time="1.152" classname="Registration.RegistrationFirstPage"/>
  <testcase name="VehiclePage_selectCarName" time="1.06" classname="Registration.RegistrationFirstPage"/>
  <testcase name="VeciclePage_selectCarName" time="1.095" classname="Registration.RegistrationFirstPage"/>
  <testcase name="VeciclePage_onwershipType" time="1.097" classname="Registration.RegistrationFirstPage"/>
  <testcase name="Vehicle_saveButton" time="5.825" classname="Registration.RegistrationFirstPage"/>
  <testcase name="VeciclePage_myaccount" time="2.867" classname="Registration.RegistrationFirstPage"/>
</testsuite> <!-- Default test -->
